<?xml version="1.0" encoding="UTF-8"?>
<testng-results ignored="0" total="1" passed="1" failed="0" skipped="0">
  <reporter-output>
  </reporter-output>
  <suite started-at="2023-10-04T14:20:42 IST" name="Default suite" finished-at="2023-10-04T14:20:50 IST" duration-ms="7638">
    <groups>
    </groups>
    <test started-at="2023-10-04T14:20:42 IST" name="Default test" finished-at="2023-10-04T14:20:50 IST" duration-ms="7638">
      <class name="basicframework.SeleniumFramework2.LoginTest">
        <test-method is-config="true" signature="browserSetup()[pri:0, instance:basicframework.SeleniumFramework2.LoginTest@402bba4f]" started-at="2023-10-04T14:20:42 IST" name="browserSetup" finished-at="2023-10-04T14:20:47 IST" duration-ms="5079" status="PASS">
          <reporter-output>
          </reporter-output>
        </test-method> <!-- browserSetup -->
        <test-method signature="testLogin()[pri:0, instance:basicframework.SeleniumFramework2.LoginTest@402bba4f]" started-at="2023-10-04T14:20:47 IST" name="testLogin" finished-at="2023-10-04T14:20:50 IST" duration-ms="2241" status="PASS">
          <reporter-output>
          </reporter-output>
        </test-method> <!-- testLogin -->
        <test-method is-config="true" signature="tearDown()[pri:0, instance:basicframework.SeleniumFramework2.LoginTest@402bba4f]" started-at="2023-10-04T14:20:50 IST" name="tearDown" finished-at="2023-10-04T14:20:50 IST" duration-ms="266" status="PASS">
          <reporter-output>
          </reporter-output>
        </test-method> <!-- tearDown -->
      </class> <!-- basicframework.SeleniumFramework2.LoginTest -->
    </test> <!-- Default test -->
  </suite> <!-- Default suite -->
</testng-results>
